[24-Mar-2020 16:57:07 UTC] PHP Parse error:  syntax error, unexpected '>', expecting end of file in C:\Users\Hp 15 Notebook PC\Local Sites\amazing-college\app\public\wp-content\themes\fictional-university-theme\index.php on line 11
[26-Mar-2020 10:10:43 UTC] PHP Parse error:  syntax error, unexpected 'wp_enqueue_style' (T_STRING) in C:\Users\Hp 15 Notebook PC\Local Sites\amazing-college\app\public\wp-content\themes\fictional-university-theme\functions.php on line 5
[26-Mar-2020 10:10:59 UTC] PHP Parse error:  syntax error, unexpected 'wp_enqueue_style' (T_STRING) in C:\Users\Hp 15 Notebook PC\Local Sites\amazing-college\app\public\wp-content\themes\fictional-university-theme\functions.php on line 5
[26-Mar-2020 12:30:04 UTC] PHP Parse error:  syntax error, unexpected 'echo' (T_ECHO) in C:\Users\Hp 15 Notebook PC\Local Sites\amazing-college\app\public\wp-content\themes\fictional-university-theme\header.php on line 26
[26-Mar-2020 12:30:15 UTC] PHP Parse error:  syntax error, unexpected 'echo' (T_ECHO) in C:\Users\Hp 15 Notebook PC\Local Sites\amazing-college\app\public\wp-content\themes\fictional-university-theme\header.php on line 22
[26-Mar-2020 12:31:39 UTC] PHP Parse error:  syntax error, unexpected 'echo' (T_ECHO) in C:\Users\Hp 15 Notebook PC\Local Sites\amazing-college\app\public\wp-content\themes\fictional-university-theme\header.php on line 22
[26-Mar-2020 12:32:46 UTC] PHP Parse error:  syntax error, unexpected 'echo' (T_ECHO) in C:\Users\Hp 15 Notebook PC\Local Sites\amazing-college\app\public\wp-content\themes\fictional-university-theme\header.php on line 23
[26-Mar-2020 12:33:13 UTC] PHP Parse error:  syntax error, unexpected 'echo' (T_ECHO) in C:\Users\Hp 15 Notebook PC\Local Sites\amazing-college\app\public\wp-content\themes\fictional-university-theme\header.php on line 23
[27-Mar-2020 15:21:57 UTC] PHP Parse error:  syntax error, unexpected '<', expecting end of file in C:\Users\Hp 15 Notebook PC\Local Sites\amazing-college\app\public\wp-content\themes\fictional-university-theme\index.php on line 2
[28-Mar-2020 14:51:17 UTC] PHP Fatal error:  Uncaught Exception: DateTime::__construct(): Failed to parse time string (20/07/2019) at position 0 (2): Unexpected character in C:\Users\Hp 15 Notebook PC\Local Sites\amazing-college\app\public\wp-content\themes\fictional-university-theme\front-page.php:28
Stack trace:
#0 C:\Users\Hp 15 Notebook PC\Local Sites\amazing-college\app\public\wp-content\themes\fictional-university-theme\front-page.php(28): DateTime->__construct('20/07/2019')
#1 C:\Users\Hp 15 Notebook PC\Local Sites\amazing-college\app\public\wp-includes\template-loader.php(78): include('C:\\Users\\Hp 15 ...')
#2 C:\Users\Hp 15 Notebook PC\Local Sites\amazing-college\app\public\wp-blog-header.php(19): require_once('C:\\Users\\Hp 15 ...')
#3 C:\Users\Hp 15 Notebook PC\Local Sites\amazing-college\app\public\index.php(17): require('C:\\Users\\Hp 15 ...')
#4 {main}
  thrown in C:\Users\Hp 15 Notebook PC\Local Sites\amazing-college\app\public\wp-content\themes\fictional-university-theme\front-page.php on line 28
[28-Mar-2020 14:52:27 UTC] PHP Fatal error:  Uncaught Exception: DateTime::__construct(): Failed to parse time string (20/07/2019) at position 0 (2): Unexpected character in C:\Users\Hp 15 Notebook PC\Local Sites\amazing-college\app\public\wp-content\themes\fictional-university-theme\front-page.php:28
Stack trace:
#0 C:\Users\Hp 15 Notebook PC\Local Sites\amazing-college\app\public\wp-content\themes\fictional-university-theme\front-page.php(28): DateTime->__construct('20/07/2019')
#1 C:\Users\Hp 15 Notebook PC\Local Sites\amazing-college\app\public\wp-includes\template-loader.php(78): include('C:\\Users\\Hp 15 ...')
#2 C:\Users\Hp 15 Notebook PC\Local Sites\amazing-college\app\public\wp-blog-header.php(19): require_once('C:\\Users\\Hp 15 ...')
#3 C:\Users\Hp 15 Notebook PC\Local Sites\amazing-college\app\public\index.php(17): require('C:\\Users\\Hp 15 ...')
#4 {main}
  thrown in C:\Users\Hp 15 Notebook PC\Local Sites\amazing-college\app\public\wp-content\themes\fictional-university-theme\front-page.php on line 28
[28-Mar-2020 14:54:03 UTC] PHP Fatal error:  Uncaught Exception: DateTime::__construct(): Failed to parse time string (20/07/2019) at position 0 (2): Unexpected character in C:\Users\Hp 15 Notebook PC\Local Sites\amazing-college\app\public\wp-content\themes\fictional-university-theme\front-page.php:28
Stack trace:
#0 C:\Users\Hp 15 Notebook PC\Local Sites\amazing-college\app\public\wp-content\themes\fictional-university-theme\front-page.php(28): DateTime->__construct('20/07/2019')
#1 C:\Users\Hp 15 Notebook PC\Local Sites\amazing-college\app\public\wp-includes\template-loader.php(78): include('C:\\Users\\Hp 15 ...')
#2 C:\Users\Hp 15 Notebook PC\Local Sites\amazing-college\app\public\wp-blog-header.php(19): require_once('C:\\Users\\Hp 15 ...')
#3 C:\Users\Hp 15 Notebook PC\Local Sites\amazing-college\app\public\index.php(17): require('C:\\Users\\Hp 15 ...')
#4 {main}
  thrown in C:\Users\Hp 15 Notebook PC\Local Sites\amazing-college\app\public\wp-content\themes\fictional-university-theme\front-page.php on line 28
[28-Mar-2020 14:54:56 UTC] PHP Fatal error:  Uncaught Exception: DateTime::__construct(): Failed to parse time string (20/07/2019) at position 0 (2): Unexpected character in C:\Users\Hp 15 Notebook PC\Local Sites\amazing-college\app\public\wp-content\themes\fictional-university-theme\front-page.php:28
Stack trace:
#0 C:\Users\Hp 15 Notebook PC\Local Sites\amazing-college\app\public\wp-content\themes\fictional-university-theme\front-page.php(28): DateTime->__construct('20/07/2019')
#1 C:\Users\Hp 15 Notebook PC\Local Sites\amazing-college\app\public\wp-includes\template-loader.php(78): include('C:\\Users\\Hp 15 ...')
#2 C:\Users\Hp 15 Notebook PC\Local Sites\amazing-college\app\public\wp-blog-header.php(19): require_once('C:\\Users\\Hp 15 ...')
#3 C:\Users\Hp 15 Notebook PC\Local Sites\amazing-college\app\public\index.php(17): require('C:\\Users\\Hp 15 ...')
#4 {main}
  thrown in C:\Users\Hp 15 Notebook PC\Local Sites\amazing-college\app\public\wp-content\themes\fictional-university-theme\front-page.php on line 28
[28-Mar-2020 14:58:12 UTC] PHP Fatal error:  Uncaught Exception: DateTime::__construct(): Failed to parse time string (20/07/2019) at position 0 (2): Unexpected character in C:\Users\Hp 15 Notebook PC\Local Sites\amazing-college\app\public\wp-content\themes\fictional-university-theme\front-page.php:28
Stack trace:
#0 C:\Users\Hp 15 Notebook PC\Local Sites\amazing-college\app\public\wp-content\themes\fictional-university-theme\front-page.php(28): DateTime->__construct('20/07/2019')
#1 C:\Users\Hp 15 Notebook PC\Local Sites\amazing-college\app\public\wp-includes\template-loader.php(78): include('C:\\Users\\Hp 15 ...')
#2 C:\Users\Hp 15 Notebook PC\Local Sites\amazing-college\app\public\wp-blog-header.php(19): require_once('C:\\Users\\Hp 15 ...')
#3 C:\Users\Hp 15 Notebook PC\Local Sites\amazing-college\app\public\index.php(17): require('C:\\Users\\Hp 15 ...')
#4 {main}
  thrown in C:\Users\Hp 15 Notebook PC\Local Sites\amazing-college\app\public\wp-content\themes\fictional-university-theme\front-page.php on line 28
[28-Mar-2020 15:03:06 UTC] PHP Fatal error:  Uncaught Exception: DateTime::__construct(): Failed to parse time string (20/07/2019) at position 0 (2): Unexpected character in C:\Users\Hp 15 Notebook PC\Local Sites\amazing-college\app\public\wp-content\themes\fictional-university-theme\front-page.php:28
Stack trace:
#0 C:\Users\Hp 15 Notebook PC\Local Sites\amazing-college\app\public\wp-content\themes\fictional-university-theme\front-page.php(28): DateTime->__construct('20/07/2019')
#1 C:\Users\Hp 15 Notebook PC\Local Sites\amazing-college\app\public\wp-includes\template-loader.php(78): include('C:\\Users\\Hp 15 ...')
#2 C:\Users\Hp 15 Notebook PC\Local Sites\amazing-college\app\public\wp-blog-header.php(19): require_once('C:\\Users\\Hp 15 ...')
#3 C:\Users\Hp 15 Notebook PC\Local Sites\amazing-college\app\public\index.php(17): require('C:\\Users\\Hp 15 ...')
#4 {main}
  thrown in C:\Users\Hp 15 Notebook PC\Local Sites\amazing-college\app\public\wp-content\themes\fictional-university-theme\front-page.php on line 28
[28-Mar-2020 15:05:32 UTC] PHP Fatal error:  Uncaught Exception: DateTime::__construct(): Failed to parse time string (20/07/2019) at position 0 (2): Unexpected character in C:\Users\Hp 15 Notebook PC\Local Sites\amazing-college\app\public\wp-content\themes\fictional-university-theme\front-page.php:28
Stack trace:
#0 C:\Users\Hp 15 Notebook PC\Local Sites\amazing-college\app\public\wp-content\themes\fictional-university-theme\front-page.php(28): DateTime->__construct('20/07/2019')
#1 C:\Users\Hp 15 Notebook PC\Local Sites\amazing-college\app\public\wp-includes\template-loader.php(78): include('C:\\Users\\Hp 15 ...')
#2 C:\Users\Hp 15 Notebook PC\Local Sites\amazing-college\app\public\wp-blog-header.php(19): require_once('C:\\Users\\Hp 15 ...')
#3 C:\Users\Hp 15 Notebook PC\Local Sites\amazing-college\app\public\index.php(17): require('C:\\Users\\Hp 15 ...')
#4 {main}
  thrown in C:\Users\Hp 15 Notebook PC\Local Sites\amazing-college\app\public\wp-content\themes\fictional-university-theme\front-page.php on line 28
[28-Mar-2020 15:25:14 UTC] PHP Fatal error:  Uncaught Exception: DateTime::__construct(): Failed to parse time string (02011919) at position 7 (9): Unexpected character in C:\Users\Hp 15 Notebook PC\Local Sites\amazing-college\app\public\wp-content\themes\fictional-university-theme\front-page.php:28
Stack trace:
#0 C:\Users\Hp 15 Notebook PC\Local Sites\amazing-college\app\public\wp-content\themes\fictional-university-theme\front-page.php(28): DateTime->__construct('02011919')
#1 C:\Users\Hp 15 Notebook PC\Local Sites\amazing-college\app\public\wp-includes\template-loader.php(78): include('C:\\Users\\Hp 15 ...')
#2 C:\Users\Hp 15 Notebook PC\Local Sites\amazing-college\app\public\wp-blog-header.php(19): require_once('C:\\Users\\Hp 15 ...')
#3 C:\Users\Hp 15 Notebook PC\Local Sites\amazing-college\app\public\index.php(17): require('C:\\Users\\Hp 15 ...')
#4 {main}
  thrown in C:\Users\Hp 15 Notebook PC\Local Sites\amazing-college\app\public\wp-content\themes\fictional-university-theme\front-page.php on line 28
[28-Mar-2020 15:25:43 UTC] PHP Fatal error:  Uncaught Exception: DateTime::__construct(): Failed to parse time string (02011919) at position 7 (9): Unexpected character in C:\Users\Hp 15 Notebook PC\Local Sites\amazing-college\app\public\wp-content\themes\fictional-university-theme\front-page.php:28
Stack trace:
#0 C:\Users\Hp 15 Notebook PC\Local Sites\amazing-college\app\public\wp-content\themes\fictional-university-theme\front-page.php(28): DateTime->__construct('02011919')
#1 C:\Users\Hp 15 Notebook PC\Local Sites\amazing-college\app\public\wp-includes\template-loader.php(78): include('C:\\Users\\Hp 15 ...')
#2 C:\Users\Hp 15 Notebook PC\Local Sites\amazing-college\app\public\wp-blog-header.php(19): require_once('C:\\Users\\Hp 15 ...')
#3 C:\Users\Hp 15 Notebook PC\Local Sites\amazing-college\app\public\index.php(17): require('C:\\Users\\Hp 15 ...')
#4 {main}
  thrown in C:\Users\Hp 15 Notebook PC\Local Sites\amazing-college\app\public\wp-content\themes\fictional-university-theme\front-page.php on line 28
[28-Mar-2020 15:26:38 UTC] PHP Fatal error:  Uncaught Exception: DateTime::__construct(): Failed to parse time string (01012020) at position 7 (0): Unexpected character in C:\Users\Hp 15 Notebook PC\Local Sites\amazing-college\app\public\wp-content\themes\fictional-university-theme\front-page.php:28
Stack trace:
#0 C:\Users\Hp 15 Notebook PC\Local Sites\amazing-college\app\public\wp-content\themes\fictional-university-theme\front-page.php(28): DateTime->__construct('01012020')
#1 C:\Users\Hp 15 Notebook PC\Local Sites\amazing-college\app\public\wp-includes\template-loader.php(78): include('C:\\Users\\Hp 15 ...')
#2 C:\Users\Hp 15 Notebook PC\Local Sites\amazing-college\app\public\wp-blog-header.php(19): require_once('C:\\Users\\Hp 15 ...')
#3 C:\Users\Hp 15 Notebook PC\Local Sites\amazing-college\app\public\index.php(17): require('C:\\Users\\Hp 15 ...')
#4 {main}
  thrown in C:\Users\Hp 15 Notebook PC\Local Sites\amazing-college\app\public\wp-content\themes\fictional-university-theme\front-page.php on line 28
[28-Mar-2020 15:27:11 UTC] PHP Fatal error:  Uncaught Exception: DateTime::__construct(): Failed to parse time string (01012020) at position 7 (0): Unexpected character in C:\Users\Hp 15 Notebook PC\Local Sites\amazing-college\app\public\wp-content\themes\fictional-university-theme\front-page.php:28
Stack trace:
#0 C:\Users\Hp 15 Notebook PC\Local Sites\amazing-college\app\public\wp-content\themes\fictional-university-theme\front-page.php(28): DateTime->__construct('01012020')
#1 C:\Users\Hp 15 Notebook PC\Local Sites\amazing-college\app\public\wp-includes\template-loader.php(78): include('C:\\Users\\Hp 15 ...')
#2 C:\Users\Hp 15 Notebook PC\Local Sites\amazing-college\app\public\wp-blog-header.php(19): require_once('C:\\Users\\Hp 15 ...')
#3 C:\Users\Hp 15 Notebook PC\Local Sites\amazing-college\app\public\index.php(17): require('C:\\Users\\Hp 15 ...')
#4 {main}
  thrown in C:\Users\Hp 15 Notebook PC\Local Sites\amazing-college\app\public\wp-content\themes\fictional-university-theme\front-page.php on line 28
[28-Mar-2020 15:27:32 UTC] PHP Fatal error:  Uncaught Exception: DateTime::__construct(): Failed to parse time string (270320) at position 4 (2): Unexpected character in C:\Users\Hp 15 Notebook PC\Local Sites\amazing-college\app\public\wp-content\themes\fictional-university-theme\front-page.php:28
Stack trace:
#0 C:\Users\Hp 15 Notebook PC\Local Sites\amazing-college\app\public\wp-content\themes\fictional-university-theme\front-page.php(28): DateTime->__construct('270320')
#1 C:\Users\Hp 15 Notebook PC\Local Sites\amazing-college\app\public\wp-includes\template-loader.php(78): include('C:\\Users\\Hp 15 ...')
#2 C:\Users\Hp 15 Notebook PC\Local Sites\amazing-college\app\public\wp-blog-header.php(19): require_once('C:\\Users\\Hp 15 ...')
#3 C:\Users\Hp 15 Notebook PC\Local Sites\amazing-college\app\public\index.php(17): require('C:\\Users\\Hp 15 ...')
#4 {main}
  thrown in C:\Users\Hp 15 Notebook PC\Local Sites\amazing-college\app\public\wp-content\themes\fictional-university-theme\front-page.php on line 28
[28-Mar-2020 15:29:22 UTC] PHP Fatal error:  Uncaught Exception: DateTime::__construct(): Failed to parse time string (01012020) at position 7 (0): Unexpected character in C:\Users\Hp 15 Notebook PC\Local Sites\amazing-college\app\public\wp-content\themes\fictional-university-theme\front-page.php:28
Stack trace:
#0 C:\Users\Hp 15 Notebook PC\Local Sites\amazing-college\app\public\wp-content\themes\fictional-university-theme\front-page.php(28): DateTime->__construct('01012020')
#1 C:\Users\Hp 15 Notebook PC\Local Sites\amazing-college\app\public\wp-includes\template-loader.php(78): include('C:\\Users\\Hp 15 ...')
#2 C:\Users\Hp 15 Notebook PC\Local Sites\amazing-college\app\public\wp-blog-header.php(19): require_once('C:\\Users\\Hp 15 ...')
#3 C:\Users\Hp 15 Notebook PC\Local Sites\amazing-college\app\public\index.php(17): require('C:\\Users\\Hp 15 ...')
#4 {main}
  thrown in C:\Users\Hp 15 Notebook PC\Local Sites\amazing-college\app\public\wp-content\themes\fictional-university-theme\front-page.php on line 28
[28-Mar-2020 15:29:57 UTC] PHP Fatal error:  Uncaught Exception: DateTime::__construct(): Failed to parse time string (270320) at position 4 (2): Unexpected character in C:\Users\Hp 15 Notebook PC\Local Sites\amazing-college\app\public\wp-content\themes\fictional-university-theme\front-page.php:28
Stack trace:
#0 C:\Users\Hp 15 Notebook PC\Local Sites\amazing-college\app\public\wp-content\themes\fictional-university-theme\front-page.php(28): DateTime->__construct('270320')
#1 C:\Users\Hp 15 Notebook PC\Local Sites\amazing-college\app\public\wp-includes\template-loader.php(78): include('C:\\Users\\Hp 15 ...')
#2 C:\Users\Hp 15 Notebook PC\Local Sites\amazing-college\app\public\wp-blog-header.php(19): require_once('C:\\Users\\Hp 15 ...')
#3 C:\Users\Hp 15 Notebook PC\Local Sites\amazing-college\app\public\index.php(17): require('C:\\Users\\Hp 15 ...')
#4 {main}
  thrown in C:\Users\Hp 15 Notebook PC\Local Sites\amazing-college\app\public\wp-content\themes\fictional-university-theme\front-page.php on line 28
[28-Mar-2020 15:30:33 UTC] PHP Fatal error:  Uncaught Exception: DateTime::__construct(): Failed to parse time string (01012020) at position 7 (0): Unexpected character in C:\Users\Hp 15 Notebook PC\Local Sites\amazing-college\app\public\wp-content\themes\fictional-university-theme\front-page.php:28
Stack trace:
#0 C:\Users\Hp 15 Notebook PC\Local Sites\amazing-college\app\public\wp-content\themes\fictional-university-theme\front-page.php(28): DateTime->__construct('01012020')
#1 C:\Users\Hp 15 Notebook PC\Local Sites\amazing-college\app\public\wp-includes\template-loader.php(78): include('C:\\Users\\Hp 15 ...')
#2 C:\Users\Hp 15 Notebook PC\Local Sites\amazing-college\app\public\wp-blog-header.php(19): require_once('C:\\Users\\Hp 15 ...')
#3 C:\Users\Hp 15 Notebook PC\Local Sites\amazing-college\app\public\index.php(17): require('C:\\Users\\Hp 15 ...')
#4 {main}
  thrown in C:\Users\Hp 15 Notebook PC\Local Sites\amazing-college\app\public\wp-content\themes\fictional-university-theme\front-page.php on line 28
[28-Mar-2020 15:31:13 UTC] PHP Fatal error:  Uncaught Exception: DateTime::__construct(): Failed to parse time string (27032020) at position 7 (0): Unexpected character in C:\Users\Hp 15 Notebook PC\Local Sites\amazing-college\app\public\wp-content\themes\fictional-university-theme\front-page.php:28
Stack trace:
#0 C:\Users\Hp 15 Notebook PC\Local Sites\amazing-college\app\public\wp-content\themes\fictional-university-theme\front-page.php(28): DateTime->__construct('27032020')
#1 C:\Users\Hp 15 Notebook PC\Local Sites\amazing-college\app\public\wp-includes\template-loader.php(78): include('C:\\Users\\Hp 15 ...')
#2 C:\Users\Hp 15 Notebook PC\Local Sites\amazing-college\app\public\wp-blog-header.php(19): require_once('C:\\Users\\Hp 15 ...')
#3 C:\Users\Hp 15 Notebook PC\Local Sites\amazing-college\app\public\index.php(17): require('C:\\Users\\Hp 15 ...')
#4 {main}
  thrown in C:\Users\Hp 15 Notebook PC\Local Sites\amazing-college\app\public\wp-content\themes\fictional-university-theme\front-page.php on line 28
[28-Mar-2020 15:32:24 UTC] PHP Fatal error:  Uncaught Exception: DateTime::__construct(): Failed to parse time string (27032020) at position 7 (0): Unexpected character in C:\Users\Hp 15 Notebook PC\Local Sites\amazing-college\app\public\wp-content\themes\fictional-university-theme\front-page.php:28
Stack trace:
#0 C:\Users\Hp 15 Notebook PC\Local Sites\amazing-college\app\public\wp-content\themes\fictional-university-theme\front-page.php(28): DateTime->__construct('27032020')
#1 C:\Users\Hp 15 Notebook PC\Local Sites\amazing-college\app\public\wp-includes\template-loader.php(78): include('C:\\Users\\Hp 15 ...')
#2 C:\Users\Hp 15 Notebook PC\Local Sites\amazing-college\app\public\wp-blog-header.php(19): require_once('C:\\Users\\Hp 15 ...')
#3 C:\Users\Hp 15 Notebook PC\Local Sites\amazing-college\app\public\index.php(17): require('C:\\Users\\Hp 15 ...')
#4 {main}
  thrown in C:\Users\Hp 15 Notebook PC\Local Sites\amazing-college\app\public\wp-content\themes\fictional-university-theme\front-page.php on line 28
[28-Mar-2020 15:32:57 UTC] PHP Fatal error:  Uncaught Exception: DateTime::__construct(): Failed to parse time string (270320) at position 4 (2): Unexpected character in C:\Users\Hp 15 Notebook PC\Local Sites\amazing-college\app\public\wp-content\themes\fictional-university-theme\front-page.php:28
Stack trace:
#0 C:\Users\Hp 15 Notebook PC\Local Sites\amazing-college\app\public\wp-content\themes\fictional-university-theme\front-page.php(28): DateTime->__construct('270320')
#1 C:\Users\Hp 15 Notebook PC\Local Sites\amazing-college\app\public\wp-includes\template-loader.php(78): include('C:\\Users\\Hp 15 ...')
#2 C:\Users\Hp 15 Notebook PC\Local Sites\amazing-college\app\public\wp-blog-header.php(19): require_once('C:\\Users\\Hp 15 ...')
#3 C:\Users\Hp 15 Notebook PC\Local Sites\amazing-college\app\public\index.php(17): require('C:\\Users\\Hp 15 ...')
#4 {main}
  thrown in C:\Users\Hp 15 Notebook PC\Local Sites\amazing-college\app\public\wp-content\themes\fictional-university-theme\front-page.php on line 28
[29-Mar-2020 12:37:15 UTC] PHP Parse error:  syntax error, unexpected 'echo' (T_ECHO) in C:\Users\Hp 15 Notebook PC\Local Sites\amazing-college\app\public\wp-content\themes\fictional-university-theme\header.php on line 25
[30-Mar-2020 11:17:33 UTC] PHP Fatal error:  Uncaught Error: Call to undefined function page_Banner() in C:\Users\Hp 15 Notebook PC\Local Sites\amazing-college\app\public\wp-content\themes\fictional-university-theme\single-professor.php:5
Stack trace:
#0 C:\Users\Hp 15 Notebook PC\Local Sites\amazing-college\app\public\wp-includes\template-loader.php(78): include()
#1 C:\Users\Hp 15 Notebook PC\Local Sites\amazing-college\app\public\wp-blog-header.php(19): require_once('C:\\Users\\Hp 15 ...')
#2 C:\Users\Hp 15 Notebook PC\Local Sites\amazing-college\app\public\index.php(17): require('C:\\Users\\Hp 15 ...')
#3 {main}
  thrown in C:\Users\Hp 15 Notebook PC\Local Sites\amazing-college\app\public\wp-content\themes\fictional-university-theme\single-professor.php on line 5
[30-Mar-2020 11:57:56 UTC] PHP Fatal error:  Uncaught ArgumentCountError: Too few arguments to function pageBanner(), 0 passed in C:\Users\Hp 15 Notebook PC\Local Sites\amazing-college\app\public\wp-content\themes\fictional-university-theme\page.php on line 5 and exactly 1 expected in C:\Users\Hp 15 Notebook PC\Local Sites\amazing-college\app\public\wp-content\themes\fictional-university-theme\functions.php:2
Stack trace:
#0 C:\Users\Hp 15 Notebook PC\Local Sites\amazing-college\app\public\wp-content\themes\fictional-university-theme\page.php(5): pageBanner()
#1 C:\Users\Hp 15 Notebook PC\Local Sites\amazing-college\app\public\wp-includes\template-loader.php(78): include('C:\\Users\\Hp 15 ...')
#2 C:\Users\Hp 15 Notebook PC\Local Sites\amazing-college\app\public\wp-blog-header.php(19): require_once('C:\\Users\\Hp 15 ...')
#3 C:\Users\Hp 15 Notebook PC\Local Sites\amazing-college\app\public\index.php(17): require('C:\\Users\\Hp 15 ...')
#4 {main}
  thrown in C:\Users\Hp 15 Notebook PC\Local Sites\amazing-college\app\public\wp-content\themes\fictional-university-theme\functions.php on line 2
[04-Apr-2020 18:27:21 UTC] PHP Parse error:  syntax error, unexpected '}' in C:\Users\Hp 15 Notebook PC\Local Sites\amazing-college\app\public\wp-content\themes\fictional-university-theme\functions.php on line 39
[07-Apr-2020 17:07:08 UTC] PHP Parse error:  syntax error, unexpected 'function' (T_FUNCTION) in C:\Users\Hp 15 Notebook PC\Local Sites\amazing-college\app\public\wp-content\themes\fictional-university-theme\functions.php on line 9
[09-Apr-2020 14:38:19 UTC] PHP Parse error:  syntax error, unexpected 'function' (T_FUNCTION) in C:\Users\Hp 15 Notebook PC\Local Sites\amazing-college\app\public\wp-content\themes\fictional-university-theme\functions.php on line 9
[09-Apr-2020 14:38:19 UTC] PHP Parse error:  syntax error, unexpected 'function' (T_FUNCTION) in C:\Users\Hp 15 Notebook PC\Local Sites\amazing-college\app\public\wp-content\themes\fictional-university-theme\functions.php on line 9
[09-Apr-2020 14:52:46 UTC] PHP Parse error:  syntax error, unexpected 'function' (T_FUNCTION) in C:\Users\Hp 15 Notebook PC\Local Sites\amazing-college\app\public\wp-content\themes\fictional-university-theme\functions.php on line 9
[12-Apr-2020 17:39:34 UTC] PHP Warning:  An unexpected error occurred. Something may be wrong with WordPress.org or this server&#8217;s configuration. If you continue to have problems, please try the <a href="https://wordpress.org/support/forums/">support forums</a>. (WordPress could not establish a secure connection to WordPress.org. Please contact your server administrator.) in C:\Users\Hp 15 Notebook PC\Local Sites\amazing-college\app\public\wp-admin\includes\translation-install.php on line 68
[12-Apr-2020 17:39:35 UTC] PHP Stack trace:
[12-Apr-2020 17:39:35 UTC] PHP   1. {main}() C:\Users\Hp 15 Notebook PC\Local Sites\amazing-college\app\public\wp-admin\options-general.php:0
[12-Apr-2020 17:39:35 UTC] PHP   2. wp_get_available_translations() C:\Users\Hp 15 Notebook PC\Local Sites\amazing-college\app\public\wp-admin\options-general.php:159
[12-Apr-2020 17:39:35 UTC] PHP   3. translations_api() C:\Users\Hp 15 Notebook PC\Local Sites\amazing-college\app\public\wp-admin\includes\translation-install.php:133
[12-Apr-2020 17:39:35 UTC] PHP   4. trigger_error() C:\Users\Hp 15 Notebook PC\Local Sites\amazing-college\app\public\wp-admin\includes\translation-install.php:68
[12-Apr-2020 17:58:57 UTC] PHP Parse error:  syntax error, unexpected '>' in C:\Users\Hp 15 Notebook PC\Local Sites\amazing-college\app\public\wp-content\themes\fictional-university-theme\header.php on line 34
[12-Apr-2020 17:59:28 UTC] PHP Parse error:  syntax error, unexpected '>' in C:\Users\Hp 15 Notebook PC\Local Sites\amazing-college\app\public\wp-content\themes\fictional-university-theme\header.php on line 34
[12-Apr-2020 18:00:21 UTC] PHP Parse error:  syntax error, unexpected '}' in C:\Users\Hp 15 Notebook PC\Local Sites\amazing-college\app\public\wp-content\themes\fictional-university-theme\header.php on line 37
[13-Apr-2020 07:29:36 UTC] PHP Parse error:  syntax error, unexpected '.' in C:\Users\Hp 15 Notebook PC\Local Sites\amazing-college\app\public\wp-content\themes\fictional-university-theme\functions.php on line 133
[14-Apr-2020 16:05:49 UTC] PHP Warning:  Invalid argument supplied for foreach() in C:\Users\Hp 15 Notebook PC\Local Sites\amazing-college\app\public\wp-includes\post.php on line 3984
[14-Apr-2020 16:05:49 UTC] PHP Stack trace:
[14-Apr-2020 16:05:49 UTC] PHP   1. {main}() C:\Users\Hp 15 Notebook PC\Local Sites\amazing-college\app\public\index.php:0
[14-Apr-2020 16:05:49 UTC] PHP   2. require() C:\Users\Hp 15 Notebook PC\Local Sites\amazing-college\app\public\index.php:17
[14-Apr-2020 16:05:49 UTC] PHP   3. wp() C:\Users\Hp 15 Notebook PC\Local Sites\amazing-college\app\public\wp-blog-header.php:16
[14-Apr-2020 16:05:49 UTC] PHP   4. WP->main() C:\Users\Hp 15 Notebook PC\Local Sites\amazing-college\app\public\wp-includes\functions.php:1274
[14-Apr-2020 16:05:49 UTC] PHP   5. WP->parse_request() C:\Users\Hp 15 Notebook PC\Local Sites\amazing-college\app\public\wp-includes\class-wp.php:735
[14-Apr-2020 16:05:49 UTC] PHP   6. do_action_ref_array() C:\Users\Hp 15 Notebook PC\Local Sites\amazing-college\app\public\wp-includes\class-wp.php:388
[14-Apr-2020 16:05:49 UTC] PHP   7. WP_Hook->do_action() C:\Users\Hp 15 Notebook PC\Local Sites\amazing-college\app\public\wp-includes\plugin.php:544
[14-Apr-2020 16:05:49 UTC] PHP   8. WP_Hook->apply_filters() C:\Users\Hp 15 Notebook PC\Local Sites\amazing-college\app\public\wp-includes\class-wp-hook.php:311
[14-Apr-2020 16:05:49 UTC] PHP   9. rest_api_loaded() C:\Users\Hp 15 Notebook PC\Local Sites\amazing-college\app\public\wp-includes\class-wp-hook.php:287
[14-Apr-2020 16:05:49 UTC] PHP  10. WP_REST_Server->serve_request() C:\Users\Hp 15 Notebook PC\Local Sites\amazing-college\app\public\wp-includes\rest-api.php:306
[14-Apr-2020 16:05:49 UTC] PHP  11. WP_REST_Server->dispatch() C:\Users\Hp 15 Notebook PC\Local Sites\amazing-college\app\public\wp-includes\rest-api\class-wp-rest-server.php:342
[14-Apr-2020 16:05:49 UTC] PHP  12. createLike() C:\Users\Hp 15 Notebook PC\Local Sites\amazing-college\app\public\wp-includes\rest-api\class-wp-rest-server.php:1015
[14-Apr-2020 16:05:49 UTC] PHP  13. wp_insert_post() C:\Users\Hp 15 Notebook PC\Local Sites\amazing-college\app\public\wp-content\themes\fictional-university-theme\inc\like-route.php:18
[14-Apr-2020 16:05:50 UTC] PHP Warning:  Cannot modify header information - headers already sent by (output started at C:\Users\Hp 15 Notebook PC\Local Sites\amazing-college\app\public\wp-includes\post.php:3984) in C:\Users\Hp 15 Notebook PC\Local Sites\amazing-college\app\public\wp-includes\rest-api\class-wp-rest-server.php on line 1337
[14-Apr-2020 16:05:50 UTC] PHP Stack trace:
[14-Apr-2020 16:05:50 UTC] PHP   1. {main}() C:\Users\Hp 15 Notebook PC\Local Sites\amazing-college\app\public\index.php:0
[14-Apr-2020 16:05:50 UTC] PHP   2. require() C:\Users\Hp 15 Notebook PC\Local Sites\amazing-college\app\public\index.php:17
[14-Apr-2020 16:05:50 UTC] PHP   3. wp() C:\Users\Hp 15 Notebook PC\Local Sites\amazing-college\app\public\wp-blog-header.php:16
[14-Apr-2020 16:05:50 UTC] PHP   4. WP->main() C:\Users\Hp 15 Notebook PC\Local Sites\amazing-college\app\public\wp-includes\functions.php:1274
[14-Apr-2020 16:05:50 UTC] PHP   5. WP->parse_request() C:\Users\Hp 15 Notebook PC\Local Sites\amazing-college\app\public\wp-includes\class-wp.php:735
[14-Apr-2020 16:05:50 UTC] PHP   6. do_action_ref_array() C:\Users\Hp 15 Notebook PC\Local Sites\amazing-college\app\public\wp-includes\class-wp.php:388
[14-Apr-2020 16:05:50 UTC] PHP   7. WP_Hook->do_action() C:\Users\Hp 15 Notebook PC\Local Sites\amazing-college\app\public\wp-includes\plugin.php:544
[14-Apr-2020 16:05:50 UTC] PHP   8. WP_Hook->apply_filters() C:\Users\Hp 15 Notebook PC\Local Sites\amazing-college\app\public\wp-includes\class-wp-hook.php:311
[14-Apr-2020 16:05:50 UTC] PHP   9. rest_api_loaded() C:\Users\Hp 15 Notebook PC\Local Sites\amazing-college\app\public\wp-includes\class-wp-hook.php:287
[14-Apr-2020 16:05:50 UTC] PHP  10. WP_REST_Server->serve_request() C:\Users\Hp 15 Notebook PC\Local Sites\amazing-college\app\public\wp-includes\rest-api.php:306
[14-Apr-2020 16:05:50 UTC] PHP  11. WP_REST_Server->send_headers() C:\Users\Hp 15 Notebook PC\Local Sites\amazing-college\app\public\wp-includes\rest-api\class-wp-rest-server.php:374
[14-Apr-2020 16:05:50 UTC] PHP  12. WP_REST_Server->send_header() C:\Users\Hp 15 Notebook PC\Local Sites\amazing-college\app\public\wp-includes\rest-api\class-wp-rest-server.php:1349
[14-Apr-2020 16:05:50 UTC] PHP  13. header() C:\Users\Hp 15 Notebook PC\Local Sites\amazing-college\app\public\wp-includes\rest-api\class-wp-rest-server.php:1337
[14-Apr-2020 16:05:50 UTC] PHP Warning:  Cannot modify header information - headers already sent by (output started at C:\Users\Hp 15 Notebook PC\Local Sites\amazing-college\app\public\wp-includes\post.php:3984) in C:\Users\Hp 15 Notebook PC\Local Sites\amazing-college\app\public\wp-includes\rest-api.php on line 590
[14-Apr-2020 16:05:50 UTC] PHP Stack trace:
[14-Apr-2020 16:05:50 UTC] PHP   1. {main}() C:\Users\Hp 15 Notebook PC\Local Sites\amazing-college\app\public\index.php:0
[14-Apr-2020 16:05:50 UTC] PHP   2. require() C:\Users\Hp 15 Notebook PC\Local Sites\amazing-college\app\public\index.php:17
[14-Apr-2020 16:05:50 UTC] PHP   3. wp() C:\Users\Hp 15 Notebook PC\Local Sites\amazing-college\app\public\wp-blog-header.php:16
[14-Apr-2020 16:05:50 UTC] PHP   4. WP->main() C:\Users\Hp 15 Notebook PC\Local Sites\amazing-college\app\public\wp-includes\functions.php:1274
[14-Apr-2020 16:05:50 UTC] PHP   5. WP->parse_request() C:\Users\Hp 15 Notebook PC\Local Sites\amazing-college\app\public\wp-includes\class-wp.php:735
[14-Apr-2020 16:05:50 UTC] PHP   6. do_action_ref_array() C:\Users\Hp 15 Notebook PC\Local Sites\amazing-college\app\public\wp-includes\class-wp.php:388
[14-Apr-2020 16:05:50 UTC] PHP   7. WP_Hook->do_action() C:\Users\Hp 15 Notebook PC\Local Sites\amazing-college\app\public\wp-includes\plugin.php:544
[14-Apr-2020 16:05:50 UTC] PHP   8. WP_Hook->apply_filters() C:\Users\Hp 15 Notebook PC\Local Sites\amazing-college\app\public\wp-includes\class-wp-hook.php:311
[14-Apr-2020 16:05:50 UTC] PHP   9. rest_api_loaded() C:\Users\Hp 15 Notebook PC\Local Sites\amazing-college\app\public\wp-includes\class-wp-hook.php:287
[14-Apr-2020 16:05:50 UTC] PHP  10. WP_REST_Server->serve_request() C:\Users\Hp 15 Notebook PC\Local Sites\amazing-college\app\public\wp-includes\rest-api.php:306
[14-Apr-2020 16:05:50 UTC] PHP  11. apply_filters() C:\Users\Hp 15 Notebook PC\Local Sites\amazing-college\app\public\wp-includes\rest-api\class-wp-rest-server.php:393
[14-Apr-2020 16:05:50 UTC] PHP  12. WP_Hook->apply_filters() C:\Users\Hp 15 Notebook PC\Local Sites\amazing-college\app\public\wp-includes\plugin.php:206
[14-Apr-2020 16:05:50 UTC] PHP  13. rest_send_cors_headers() C:\Users\Hp 15 Notebook PC\Local Sites\amazing-college\app\public\wp-includes\class-wp-hook.php:289
[14-Apr-2020 16:05:50 UTC] PHP  14. header() C:\Users\Hp 15 Notebook PC\Local Sites\amazing-college\app\public\wp-includes\rest-api.php:590
[14-Apr-2020 16:05:50 UTC] PHP Warning:  Cannot modify header information - headers already sent by (output started at C:\Users\Hp 15 Notebook PC\Local Sites\amazing-college\app\public\wp-includes\post.php:3984) in C:\Users\Hp 15 Notebook PC\Local Sites\amazing-college\app\public\wp-includes\rest-api.php on line 591
[14-Apr-2020 16:05:50 UTC] PHP Stack trace:
[14-Apr-2020 16:05:50 UTC] PHP   1. {main}() C:\Users\Hp 15 Notebook PC\Local Sites\amazing-college\app\public\index.php:0
[14-Apr-2020 16:05:50 UTC] PHP   2. require() C:\Users\Hp 15 Notebook PC\Local Sites\amazing-college\app\public\index.php:17
[14-Apr-2020 16:05:50 UTC] PHP   3. wp() C:\Users\Hp 15 Notebook PC\Local Sites\amazing-college\app\public\wp-blog-header.php:16
[14-Apr-2020 16:05:50 UTC] PHP   4. WP->main() C:\Users\Hp 15 Notebook PC\Local Sites\amazing-college\app\public\wp-includes\functions.php:1274
[14-Apr-2020 16:05:50 UTC] PHP   5. WP->parse_request() C:\Users\Hp 15 Notebook PC\Local Sites\amazing-college\app\public\wp-includes\class-wp.php:735
[14-Apr-2020 16:05:50 UTC] PHP   6. do_action_ref_array() C:\Users\Hp 15 Notebook PC\Local Sites\amazing-college\app\public\wp-includes\class-wp.php:388
[14-Apr-2020 16:05:50 UTC] PHP   7. WP_Hook->do_action() C:\Users\Hp 15 Notebook PC\Local Sites\amazing-college\app\public\wp-includes\plugin.php:544
[14-Apr-2020 16:05:50 UTC] PHP   8. WP_Hook->apply_filters() C:\Users\Hp 15 Notebook PC\Local Sites\amazing-college\app\public\wp-includes\class-wp-hook.php:311
[14-Apr-2020 16:05:50 UTC] PHP   9. rest_api_loaded() C:\Users\Hp 15 Notebook PC\Local Sites\amazing-college\app\public\wp-includes\class-wp-hook.php:287
[14-Apr-2020 16:05:50 UTC] PHP  10. WP_REST_Server->serve_request() C:\Users\Hp 15 Notebook PC\Local Sites\amazing-college\app\public\wp-includes\rest-api.php:306
[14-Apr-2020 16:05:50 UTC] PHP  11. apply_filters() C:\Users\Hp 15 Notebook PC\Local Sites\amazing-college\app\public\wp-includes\rest-api\class-wp-rest-server.php:393
[14-Apr-2020 16:05:50 UTC] PHP  12. WP_Hook->apply_filters() C:\Users\Hp 15 Notebook PC\Local Sites\amazing-college\app\public\wp-includes\plugin.php:206
[14-Apr-2020 16:05:50 UTC] PHP  13. rest_send_cors_headers() C:\Users\Hp 15 Notebook PC\Local Sites\amazing-college\app\public\wp-includes\class-wp-hook.php:289
[14-Apr-2020 16:05:50 UTC] PHP  14. header() C:\Users\Hp 15 Notebook PC\Local Sites\amazing-college\app\public\wp-includes\rest-api.php:591
[14-Apr-2020 16:05:50 UTC] PHP Warning:  Cannot modify header information - headers already sent by (output started at C:\Users\Hp 15 Notebook PC\Local Sites\amazing-college\app\public\wp-includes\post.php:3984) in C:\Users\Hp 15 Notebook PC\Local Sites\amazing-college\app\public\wp-includes\rest-api.php on line 592
[14-Apr-2020 16:05:50 UTC] PHP Stack trace:
[14-Apr-2020 16:05:50 UTC] PHP   1. {main}() C:\Users\Hp 15 Notebook PC\Local Sites\amazing-college\app\public\index.php:0
[14-Apr-2020 16:05:50 UTC] PHP   2. require() C:\Users\Hp 15 Notebook PC\Local Sites\amazing-college\app\public\index.php:17
[14-Apr-2020 16:05:50 UTC] PHP   3. wp() C:\Users\Hp 15 Notebook PC\Local Sites\amazing-college\app\public\wp-blog-header.php:16
[14-Apr-2020 16:05:50 UTC] PHP   4. WP->main() C:\Users\Hp 15 Notebook PC\Local Sites\amazing-college\app\public\wp-includes\functions.php:1274
[14-Apr-2020 16:05:50 UTC] PHP   5. WP->parse_request() C:\Users\Hp 15 Notebook PC\Local Sites\amazing-college\app\public\wp-includes\class-wp.php:735
[14-Apr-2020 16:05:50 UTC] PHP   6. do_action_ref_array() C:\Users\Hp 15 Notebook PC\Local Sites\amazing-college\app\public\wp-includes\class-wp.php:388
[14-Apr-2020 16:05:50 UTC] PHP   7. WP_Hook->do_action() C:\Users\Hp 15 Notebook PC\Local Sites\amazing-college\app\public\wp-includes\plugin.php:544
[14-Apr-2020 16:05:50 UTC] PHP   8. WP_Hook->apply_filters() C:\Users\Hp 15 Notebook PC\Local Sites\amazing-college\app\public\wp-includes\class-wp-hook.php:311
[14-Apr-2020 16:05:50 UTC] PHP   9. rest_api_loaded() C:\Users\Hp 15 Notebook PC\Local Sites\amazing-college\app\public\wp-includes\class-wp-hook.php:287
[14-Apr-2020 16:05:50 UTC] PHP  10. WP_REST_Server->serve_request() C:\Users\Hp 15 Notebook PC\Local Sites\amazing-college\app\public\wp-includes\rest-api.php:306
[14-Apr-2020 16:05:50 UTC] PHP  11. apply_filters() C:\Users\Hp 15 Notebook PC\Local Sites\amazing-college\app\public\wp-includes\rest-api\class-wp-rest-server.php:393
[14-Apr-2020 16:05:50 UTC] PHP  12. WP_Hook->apply_filters() C:\Users\Hp 15 Notebook PC\Local Sites\amazing-college\app\public\wp-includes\plugin.php:206
[14-Apr-2020 16:05:50 UTC] PHP  13. rest_send_cors_headers() C:\Users\Hp 15 Notebook PC\Local Sites\amazing-college\app\public\wp-includes\class-wp-hook.php:289
[14-Apr-2020 16:05:50 UTC] PHP  14. header() C:\Users\Hp 15 Notebook PC\Local Sites\amazing-college\app\public\wp-includes\rest-api.php:592
[14-Apr-2020 16:05:50 UTC] PHP Warning:  Cannot modify header information - headers already sent by (output started at C:\Users\Hp 15 Notebook PC\Local Sites\amazing-college\app\public\wp-includes\post.php:3984) in C:\Users\Hp 15 Notebook PC\Local Sites\amazing-college\app\public\wp-includes\rest-api.php on line 593
[14-Apr-2020 16:05:50 UTC] PHP Stack trace:
[14-Apr-2020 16:05:50 UTC] PHP   1. {main}() C:\Users\Hp 15 Notebook PC\Local Sites\amazing-college\app\public\index.php:0
[14-Apr-2020 16:05:50 UTC] PHP   2. require() C:\Users\Hp 15 Notebook PC\Local Sites\amazing-college\app\public\index.php:17
[14-Apr-2020 16:05:50 UTC] PHP   3. wp() C:\Users\Hp 15 Notebook PC\Local Sites\amazing-college\app\public\wp-blog-header.php:16
[14-Apr-2020 16:05:50 UTC] PHP   4. WP->main() C:\Users\Hp 15 Notebook PC\Local Sites\amazing-college\app\public\wp-includes\functions.php:1274
[14-Apr-2020 16:05:50 UTC] PHP   5. WP->parse_request() C:\Users\Hp 15 Notebook PC\Local Sites\amazing-college\app\public\wp-includes\class-wp.php:735
[14-Apr-2020 16:05:50 UTC] PHP   6. do_action_ref_array() C:\Users\Hp 15 Notebook PC\Local Sites\amazing-college\app\public\wp-includes\class-wp.php:388
[14-Apr-2020 16:05:50 UTC] PHP   7. WP_Hook->do_action() C:\Users\Hp 15 Notebook PC\Local Sites\amazing-college\app\public\wp-includes\plugin.php:544
[14-Apr-2020 16:05:50 UTC] PHP   8. WP_Hook->apply_filters() C:\Users\Hp 15 Notebook PC\Local Sites\amazing-college\app\public\wp-includes\class-wp-hook.php:311
[14-Apr-2020 16:05:50 UTC] PHP   9. rest_api_loaded() C:\Users\Hp 15 Notebook PC\Local Sites\amazing-college\app\public\wp-includes\class-wp-hook.php:287
[14-Apr-2020 16:05:50 UTC] PHP  10. WP_REST_Server->serve_request() C:\Users\Hp 15 Notebook PC\Local Sites\amazing-college\app\public\wp-includes\rest-api.php:306
[14-Apr-2020 16:05:50 UTC] PHP  11. apply_filters() C:\Users\Hp 15 Notebook PC\Local Sites\amazing-college\app\public\wp-includes\rest-api\class-wp-rest-server.php:393
[14-Apr-2020 16:05:50 UTC] PHP  12. WP_Hook->apply_filters() C:\Users\Hp 15 Notebook PC\Local Sites\amazing-college\app\public\wp-includes\plugin.php:206
[14-Apr-2020 16:05:50 UTC] PHP  13. rest_send_cors_headers() C:\Users\Hp 15 Notebook PC\Local Sites\amazing-college\app\public\wp-includes\class-wp-hook.php:289
[14-Apr-2020 16:05:50 UTC] PHP  14. header() C:\Users\Hp 15 Notebook PC\Local Sites\amazing-college\app\public\wp-includes\rest-api.php:593
[14-Apr-2020 16:06:56 UTC] PHP Parse error:  syntax error, unexpected ';', expecting ')' in C:\Users\Hp 15 Notebook PC\Local Sites\amazing-college\app\public\wp-content\themes\fictional-university-theme\inc\like-route.php on line 21
[14-Apr-2020 16:07:01 UTC] PHP Parse error:  syntax error, unexpected ';', expecting ')' in C:\Users\Hp 15 Notebook PC\Local Sites\amazing-college\app\public\wp-content\themes\fictional-university-theme\inc\like-route.php on line 21
[14-Apr-2020 16:13:11 UTC] PHP Warning:  Use of undefined constant data - assumed 'data' (this will throw an Error in a future version of PHP) in C:\Users\Hp 15 Notebook PC\Local Sites\amazing-college\app\public\wp-content\themes\fictional-university-theme\inc\like-route.php on line 18
[14-Apr-2020 16:13:11 UTC] PHP Stack trace:
[14-Apr-2020 16:13:11 UTC] PHP   1. {main}() C:\Users\Hp 15 Notebook PC\Local Sites\amazing-college\app\public\index.php:0
[14-Apr-2020 16:13:11 UTC] PHP   2. require() C:\Users\Hp 15 Notebook PC\Local Sites\amazing-college\app\public\index.php:17
[14-Apr-2020 16:13:11 UTC] PHP   3. wp() C:\Users\Hp 15 Notebook PC\Local Sites\amazing-college\app\public\wp-blog-header.php:16
[14-Apr-2020 16:13:11 UTC] PHP   4. WP->main() C:\Users\Hp 15 Notebook PC\Local Sites\amazing-college\app\public\wp-includes\functions.php:1274
[14-Apr-2020 16:13:11 UTC] PHP   5. WP->parse_request() C:\Users\Hp 15 Notebook PC\Local Sites\amazing-college\app\public\wp-includes\class-wp.php:735
[14-Apr-2020 16:13:11 UTC] PHP   6. do_action_ref_array() C:\Users\Hp 15 Notebook PC\Local Sites\amazing-college\app\public\wp-includes\class-wp.php:388
[14-Apr-2020 16:13:11 UTC] PHP   7. WP_Hook->do_action() C:\Users\Hp 15 Notebook PC\Local Sites\amazing-college\app\public\wp-includes\plugin.php:544
[14-Apr-2020 16:13:11 UTC] PHP   8. WP_Hook->apply_filters() C:\Users\Hp 15 Notebook PC\Local Sites\amazing-college\app\public\wp-includes\class-wp-hook.php:311
[14-Apr-2020 16:13:11 UTC] PHP   9. rest_api_loaded() C:\Users\Hp 15 Notebook PC\Local Sites\amazing-college\app\public\wp-includes\class-wp-hook.php:287
[14-Apr-2020 16:13:11 UTC] PHP  10. WP_REST_Server->serve_request() C:\Users\Hp 15 Notebook PC\Local Sites\amazing-college\app\public\wp-includes\rest-api.php:306
[14-Apr-2020 16:13:11 UTC] PHP  11. WP_REST_Server->dispatch() C:\Users\Hp 15 Notebook PC\Local Sites\amazing-college\app\public\wp-includes\rest-api\class-wp-rest-server.php:342
[14-Apr-2020 16:13:11 UTC] PHP  12. createLike() C:\Users\Hp 15 Notebook PC\Local Sites\amazing-college\app\public\wp-includes\rest-api\class-wp-rest-server.php:1015
[14-Apr-2020 16:13:11 UTC] PHP Warning:  Illegal string offset 'professorId' in C:\Users\Hp 15 Notebook PC\Local Sites\amazing-college\app\public\wp-content\themes\fictional-university-theme\inc\like-route.php on line 18
[14-Apr-2020 16:13:11 UTC] PHP Stack trace:
[14-Apr-2020 16:13:11 UTC] PHP   1. {main}() C:\Users\Hp 15 Notebook PC\Local Sites\amazing-college\app\public\index.php:0
[14-Apr-2020 16:13:11 UTC] PHP   2. require() C:\Users\Hp 15 Notebook PC\Local Sites\amazing-college\app\public\index.php:17
[14-Apr-2020 16:13:11 UTC] PHP   3. wp() C:\Users\Hp 15 Notebook PC\Local Sites\amazing-college\app\public\wp-blog-header.php:16
[14-Apr-2020 16:13:11 UTC] PHP   4. WP->main() C:\Users\Hp 15 Notebook PC\Local Sites\amazing-college\app\public\wp-includes\functions.php:1274
[14-Apr-2020 16:13:11 UTC] PHP   5. WP->parse_request() C:\Users\Hp 15 Notebook PC\Local Sites\amazing-college\app\public\wp-includes\class-wp.php:735
[14-Apr-2020 16:13:11 UTC] PHP   6. do_action_ref_array() C:\Users\Hp 15 Notebook PC\Local Sites\amazing-college\app\public\wp-includes\class-wp.php:388
[14-Apr-2020 16:13:11 UTC] PHP   7. WP_Hook->do_action() C:\Users\Hp 15 Notebook PC\Local Sites\amazing-college\app\public\wp-includes\plugin.php:544
[14-Apr-2020 16:13:11 UTC] PHP   8. WP_Hook->apply_filters() C:\Users\Hp 15 Notebook PC\Local Sites\amazing-college\app\public\wp-includes\class-wp-hook.php:311
[14-Apr-2020 16:13:11 UTC] PHP   9. rest_api_loaded() C:\Users\Hp 15 Notebook PC\Local Sites\amazing-college\app\public\wp-includes\class-wp-hook.php:287
[14-Apr-2020 16:13:11 UTC] PHP  10. WP_REST_Server->serve_request() C:\Users\Hp 15 Notebook PC\Local Sites\amazing-college\app\public\wp-includes\rest-api.php:306
[14-Apr-2020 16:13:11 UTC] PHP  11. WP_REST_Server->dispatch() C:\Users\Hp 15 Notebook PC\Local Sites\amazing-college\app\public\wp-includes\rest-api\class-wp-rest-server.php:342
[14-Apr-2020 16:13:11 UTC] PHP  12. createLike() C:\Users\Hp 15 Notebook PC\Local Sites\amazing-college\app\public\wp-includes\rest-api\class-wp-rest-server.php:1015
[14-Apr-2020 16:13:11 UTC] PHP Warning:  Cannot modify header information - headers already sent by (output started at C:\Users\Hp 15 Notebook PC\Local Sites\amazing-college\app\public\wp-content\themes\fictional-university-theme\inc\like-route.php:18) in C:\Users\Hp 15 Notebook PC\Local Sites\amazing-college\app\public\wp-includes\rest-api\class-wp-rest-server.php on line 1337
[14-Apr-2020 16:13:11 UTC] PHP Stack trace:
[14-Apr-2020 16:13:11 UTC] PHP   1. {main}() C:\Users\Hp 15 Notebook PC\Local Sites\amazing-college\app\public\index.php:0
[14-Apr-2020 16:13:11 UTC] PHP   2. require() C:\Users\Hp 15 Notebook PC\Local Sites\amazing-college\app\public\index.php:17
[14-Apr-2020 16:13:11 UTC] PHP   3. wp() C:\Users\Hp 15 Notebook PC\Local Sites\amazing-college\app\public\wp-blog-header.php:16
[14-Apr-2020 16:13:11 UTC] PHP   4. WP->main() C:\Users\Hp 15 Notebook PC\Local Sites\amazing-college\app\public\wp-includes\functions.php:1274
[14-Apr-2020 16:13:11 UTC] PHP   5. WP->parse_request() C:\Users\Hp 15 Notebook PC\Local Sites\amazing-college\app\public\wp-includes\class-wp.php:735
[14-Apr-2020 16:13:11 UTC] PHP   6. do_action_ref_array() C:\Users\Hp 15 Notebook PC\Local Sites\amazing-college\app\public\wp-includes\class-wp.php:388
[14-Apr-2020 16:13:11 UTC] PHP   7. WP_Hook->do_action() C:\Users\Hp 15 Notebook PC\Local Sites\amazing-college\app\public\wp-includes\plugin.php:544
[14-Apr-2020 16:13:11 UTC] PHP   8. WP_Hook->apply_filters() C:\Users\Hp 15 Notebook PC\Local Sites\amazing-college\app\public\wp-includes\class-wp-hook.php:311
[14-Apr-2020 16:13:11 UTC] PHP   9. rest_api_loaded() C:\Users\Hp 15 Notebook PC\Local Sites\amazing-college\app\public\wp-includes\class-wp-hook.php:287
[14-Apr-2020 16:13:11 UTC] PHP  10. WP_REST_Server->serve_request() C:\Users\Hp 15 Notebook PC\Local Sites\amazing-college\app\public\wp-includes\rest-api.php:306
[14-Apr-2020 16:13:11 UTC] PHP  11. WP_REST_Server->send_headers() C:\Users\Hp 15 Notebook PC\Local Sites\amazing-college\app\public\wp-includes\rest-api\class-wp-rest-server.php:374
[14-Apr-2020 16:13:11 UTC] PHP  12. WP_REST_Server->send_header() C:\Users\Hp 15 Notebook PC\Local Sites\amazing-college\app\public\wp-includes\rest-api\class-wp-rest-server.php:1349
[14-Apr-2020 16:13:11 UTC] PHP  13. header() C:\Users\Hp 15 Notebook PC\Local Sites\amazing-college\app\public\wp-includes\rest-api\class-wp-rest-server.php:1337
[14-Apr-2020 16:13:11 UTC] PHP Warning:  Cannot modify header information - headers already sent by (output started at C:\Users\Hp 15 Notebook PC\Local Sites\amazing-college\app\public\wp-content\themes\fictional-university-theme\inc\like-route.php:18) in C:\Users\Hp 15 Notebook PC\Local Sites\amazing-college\app\public\wp-includes\rest-api.php on line 590
[14-Apr-2020 16:13:11 UTC] PHP Stack trace:
[14-Apr-2020 16:13:11 UTC] PHP   1. {main}() C:\Users\Hp 15 Notebook PC\Local Sites\amazing-college\app\public\index.php:0
[14-Apr-2020 16:13:11 UTC] PHP   2. require() C:\Users\Hp 15 Notebook PC\Local Sites\amazing-college\app\public\index.php:17
[14-Apr-2020 16:13:11 UTC] PHP   3. wp() C:\Users\Hp 15 Notebook PC\Local Sites\amazing-college\app\public\wp-blog-header.php:16
[14-Apr-2020 16:13:11 UTC] PHP   4. WP->main() C:\Users\Hp 15 Notebook PC\Local Sites\amazing-college\app\public\wp-includes\functions.php:1274
[14-Apr-2020 16:13:11 UTC] PHP   5. WP->parse_request() C:\Users\Hp 15 Notebook PC\Local Sites\amazing-college\app\public\wp-includes\class-wp.php:735
[14-Apr-2020 16:13:11 UTC] PHP   6. do_action_ref_array() C:\Users\Hp 15 Notebook PC\Local Sites\amazing-college\app\public\wp-includes\class-wp.php:388
[14-Apr-2020 16:13:11 UTC] PHP   7. WP_Hook->do_action() C:\Users\Hp 15 Notebook PC\Local Sites\amazing-college\app\public\wp-includes\plugin.php:544
[14-Apr-2020 16:13:11 UTC] PHP   8. WP_Hook->apply_filters() C:\Users\Hp 15 Notebook PC\Local Sites\amazing-college\app\public\wp-includes\class-wp-hook.php:311
[14-Apr-2020 16:13:11 UTC] PHP   9. rest_api_loaded() C:\Users\Hp 15 Notebook PC\Local Sites\amazing-college\app\public\wp-includes\class-wp-hook.php:287
[14-Apr-2020 16:13:11 UTC] PHP  10. WP_REST_Server->serve_request() C:\Users\Hp 15 Notebook PC\Local Sites\amazing-college\app\public\wp-includes\rest-api.php:306
[14-Apr-2020 16:13:11 UTC] PHP  11. apply_filters() C:\Users\Hp 15 Notebook PC\Local Sites\amazing-college\app\public\wp-includes\rest-api\class-wp-rest-server.php:393
[14-Apr-2020 16:13:11 UTC] PHP  12. WP_Hook->apply_filters() C:\Users\Hp 15 Notebook PC\Local Sites\amazing-college\app\public\wp-includes\plugin.php:206
[14-Apr-2020 16:13:11 UTC] PHP  13. rest_send_cors_headers() C:\Users\Hp 15 Notebook PC\Local Sites\amazing-college\app\public\wp-includes\class-wp-hook.php:289
[14-Apr-2020 16:13:11 UTC] PHP  14. header() C:\Users\Hp 15 Notebook PC\Local Sites\amazing-college\app\public\wp-includes\rest-api.php:590
[14-Apr-2020 16:13:11 UTC] PHP Warning:  Cannot modify header information - headers already sent by (output started at C:\Users\Hp 15 Notebook PC\Local Sites\amazing-college\app\public\wp-content\themes\fictional-university-theme\inc\like-route.php:18) in C:\Users\Hp 15 Notebook PC\Local Sites\amazing-college\app\public\wp-includes\rest-api.php on line 591
[14-Apr-2020 16:13:11 UTC] PHP Stack trace:
[14-Apr-2020 16:13:11 UTC] PHP   1. {main}() C:\Users\Hp 15 Notebook PC\Local Sites\amazing-college\app\public\index.php:0
[14-Apr-2020 16:13:11 UTC] PHP   2. require() C:\Users\Hp 15 Notebook PC\Local Sites\amazing-college\app\public\index.php:17
[14-Apr-2020 16:13:11 UTC] PHP   3. wp() C:\Users\Hp 15 Notebook PC\Local Sites\amazing-college\app\public\wp-blog-header.php:16
[14-Apr-2020 16:13:11 UTC] PHP   4. WP->main() C:\Users\Hp 15 Notebook PC\Local Sites\amazing-college\app\public\wp-includes\functions.php:1274
[14-Apr-2020 16:13:11 UTC] PHP   5. WP->parse_request() C:\Users\Hp 15 Notebook PC\Local Sites\amazing-college\app\public\wp-includes\class-wp.php:735
[14-Apr-2020 16:13:11 UTC] PHP   6. do_action_ref_array() C:\Users\Hp 15 Notebook PC\Local Sites\amazing-college\app\public\wp-includes\class-wp.php:388
[14-Apr-2020 16:13:11 UTC] PHP   7. WP_Hook->do_action() C:\Users\Hp 15 Notebook PC\Local Sites\amazing-college\app\public\wp-includes\plugin.php:544
[14-Apr-2020 16:13:11 UTC] PHP   8. WP_Hook->apply_filters() C:\Users\Hp 15 Notebook PC\Local Sites\amazing-college\app\public\wp-includes\class-wp-hook.php:311
[14-Apr-2020 16:13:11 UTC] PHP   9. rest_api_loaded() C:\Users\Hp 15 Notebook PC\Local Sites\amazing-college\app\public\wp-includes\class-wp-hook.php:287
[14-Apr-2020 16:13:11 UTC] PHP  10. WP_REST_Server->serve_request() C:\Users\Hp 15 Notebook PC\Local Sites\amazing-college\app\public\wp-includes\rest-api.php:306
[14-Apr-2020 16:13:11 UTC] PHP  11. apply_filters() C:\Users\Hp 15 Notebook PC\Local Sites\amazing-college\app\public\wp-includes\rest-api\class-wp-rest-server.php:393
[14-Apr-2020 16:13:11 UTC] PHP  12. WP_Hook->apply_filters() C:\Users\Hp 15 Notebook PC\Local Sites\amazing-college\app\public\wp-includes\plugin.php:206
[14-Apr-2020 16:13:11 UTC] PHP  13. rest_send_cors_headers() C:\Users\Hp 15 Notebook PC\Local Sites\amazing-college\app\public\wp-includes\class-wp-hook.php:289
[14-Apr-2020 16:13:11 UTC] PHP  14. header() C:\Users\Hp 15 Notebook PC\Local Sites\amazing-college\app\public\wp-includes\rest-api.php:591
[14-Apr-2020 16:13:11 UTC] PHP Warning:  Cannot modify header information - headers already sent by (output started at C:\Users\Hp 15 Notebook PC\Local Sites\amazing-college\app\public\wp-content\themes\fictional-university-theme\inc\like-route.php:18) in C:\Users\Hp 15 Notebook PC\Local Sites\amazing-college\app\public\wp-includes\rest-api.php on line 592
[14-Apr-2020 16:13:11 UTC] PHP Stack trace:
[14-Apr-2020 16:13:11 UTC] PHP   1. {main}() C:\Users\Hp 15 Notebook PC\Local Sites\amazing-college\app\public\index.php:0
[14-Apr-2020 16:13:11 UTC] PHP   2. require() C:\Users\Hp 15 Notebook PC\Local Sites\amazing-college\app\public\index.php:17
[14-Apr-2020 16:13:11 UTC] PHP   3. wp() C:\Users\Hp 15 Notebook PC\Local Sites\amazing-college\app\public\wp-blog-header.php:16
[14-Apr-2020 16:13:11 UTC] PHP   4. WP->main() C:\Users\Hp 15 Notebook PC\Local Sites\amazing-college\app\public\wp-includes\functions.php:1274
[14-Apr-2020 16:13:11 UTC] PHP   5. WP->parse_request() C:\Users\Hp 15 Notebook PC\Local Sites\amazing-college\app\public\wp-includes\class-wp.php:735
[14-Apr-2020 16:13:11 UTC] PHP   6. do_action_ref_array() C:\Users\Hp 15 Notebook PC\Local Sites\amazing-college\app\public\wp-includes\class-wp.php:388
[14-Apr-2020 16:13:11 UTC] PHP   7. WP_Hook->do_action() C:\Users\Hp 15 Notebook PC\Local Sites\amazing-college\app\public\wp-includes\plugin.php:544
[14-Apr-2020 16:13:11 UTC] PHP   8. WP_Hook->apply_filters() C:\Users\Hp 15 Notebook PC\Local Sites\amazing-college\app\public\wp-includes\class-wp-hook.php:311
[14-Apr-2020 16:13:11 UTC] PHP   9. rest_api_loaded() C:\Users\Hp 15 Notebook PC\Local Sites\amazing-college\app\public\wp-includes\class-wp-hook.php:287
[14-Apr-2020 16:13:11 UTC] PHP  10. WP_REST_Server->serve_request() C:\Users\Hp 15 Notebook PC\Local Sites\amazing-college\app\public\wp-includes\rest-api.php:306
[14-Apr-2020 16:13:11 UTC] PHP  11. apply_filters() C:\Users\Hp 15 Notebook PC\Local Sites\amazing-college\app\public\wp-includes\rest-api\class-wp-rest-server.php:393
[14-Apr-2020 16:13:11 UTC] PHP  12. WP_Hook->apply_filters() C:\Users\Hp 15 Notebook PC\Local Sites\amazing-college\app\public\wp-includes\plugin.php:206
[14-Apr-2020 16:13:11 UTC] PHP  13. rest_send_cors_headers() C:\Users\Hp 15 Notebook PC\Local Sites\amazing-college\app\public\wp-includes\class-wp-hook.php:289
[14-Apr-2020 16:13:11 UTC] PHP  14. header() C:\Users\Hp 15 Notebook PC\Local Sites\amazing-college\app\public\wp-includes\rest-api.php:592
[14-Apr-2020 16:13:11 UTC] PHP Warning:  Cannot modify header information - headers already sent by (output started at C:\Users\Hp 15 Notebook PC\Local Sites\amazing-college\app\public\wp-content\themes\fictional-university-theme\inc\like-route.php:18) in C:\Users\Hp 15 Notebook PC\Local Sites\amazing-college\app\public\wp-includes\rest-api.php on line 593
[14-Apr-2020 16:13:11 UTC] PHP Stack trace:
[14-Apr-2020 16:13:11 UTC] PHP   1. {main}() C:\Users\Hp 15 Notebook PC\Local Sites\amazing-college\app\public\index.php:0
[14-Apr-2020 16:13:11 UTC] PHP   2. require() C:\Users\Hp 15 Notebook PC\Local Sites\amazing-college\app\public\index.php:17
[14-Apr-2020 16:13:11 UTC] PHP   3. wp() C:\Users\Hp 15 Notebook PC\Local Sites\amazing-college\app\public\wp-blog-header.php:16
[14-Apr-2020 16:13:11 UTC] PHP   4. WP->main() C:\Users\Hp 15 Notebook PC\Local Sites\amazing-college\app\public\wp-includes\functions.php:1274
[14-Apr-2020 16:13:11 UTC] PHP   5. WP->parse_request() C:\Users\Hp 15 Notebook PC\Local Sites\amazing-college\app\public\wp-includes\class-wp.php:735
[14-Apr-2020 16:13:11 UTC] PHP   6. do_action_ref_array() C:\Users\Hp 15 Notebook PC\Local Sites\amazing-college\app\public\wp-includes\class-wp.php:388
[14-Apr-2020 16:13:11 UTC] PHP   7. WP_Hook->do_action() C:\Users\Hp 15 Notebook PC\Local Sites\amazing-college\app\public\wp-includes\plugin.php:544
[14-Apr-2020 16:13:11 UTC] PHP   8. WP_Hook->apply_filters() C:\Users\Hp 15 Notebook PC\Local Sites\amazing-college\app\public\wp-includes\class-wp-hook.php:311
[14-Apr-2020 16:13:11 UTC] PHP   9. rest_api_loaded() C:\Users\Hp 15 Notebook PC\Local Sites\amazing-college\app\public\wp-includes\class-wp-hook.php:287
[14-Apr-2020 16:13:11 UTC] PHP  10. WP_REST_Server->serve_request() C:\Users\Hp 15 Notebook PC\Local Sites\amazing-college\app\public\wp-includes\rest-api.php:306
[14-Apr-2020 16:13:11 UTC] PHP  11. apply_filters() C:\Users\Hp 15 Notebook PC\Local Sites\amazing-college\app\public\wp-includes\rest-api\class-wp-rest-server.php:393
[14-Apr-2020 16:13:11 UTC] PHP  12. WP_Hook->apply_filters() C:\Users\Hp 15 Notebook PC\Local Sites\amazing-college\app\public\wp-includes\plugin.php:206
[14-Apr-2020 16:13:11 UTC] PHP  13. rest_send_cors_headers() C:\Users\Hp 15 Notebook PC\Local Sites\amazing-college\app\public\wp-includes\class-wp-hook.php:289
[14-Apr-2020 16:13:11 UTC] PHP  14. header() C:\Users\Hp 15 Notebook PC\Local Sites\amazing-college\app\public\wp-includes\rest-api.php:593
[14-Apr-2020 16:14:02 UTC] PHP Warning:  Use of undefined constant data - assumed 'data' (this will throw an Error in a future version of PHP) in C:\Users\Hp 15 Notebook PC\Local Sites\amazing-college\app\public\wp-content\themes\fictional-university-theme\inc\like-route.php on line 18
[14-Apr-2020 16:14:02 UTC] PHP Stack trace:
[14-Apr-2020 16:14:02 UTC] PHP   1. {main}() C:\Users\Hp 15 Notebook PC\Local Sites\amazing-college\app\public\index.php:0
[14-Apr-2020 16:14:02 UTC] PHP   2. require() C:\Users\Hp 15 Notebook PC\Local Sites\amazing-college\app\public\index.php:17
[14-Apr-2020 16:14:02 UTC] PHP   3. wp() C:\Users\Hp 15 Notebook PC\Local Sites\amazing-college\app\public\wp-blog-header.php:16
[14-Apr-2020 16:14:02 UTC] PHP   4. WP->main() C:\Users\Hp 15 Notebook PC\Local Sites\amazing-college\app\public\wp-includes\functions.php:1274
[14-Apr-2020 16:14:02 UTC] PHP   5. WP->parse_request() C:\Users\Hp 15 Notebook PC\Local Sites\amazing-college\app\public\wp-includes\class-wp.php:735
[14-Apr-2020 16:14:02 UTC] PHP   6. do_action_ref_array() C:\Users\Hp 15 Notebook PC\Local Sites\amazing-college\app\public\wp-includes\class-wp.php:388
[14-Apr-2020 16:14:02 UTC] PHP   7. WP_Hook->do_action() C:\Users\Hp 15 Notebook PC\Local Sites\amazing-college\app\public\wp-includes\plugin.php:544
[14-Apr-2020 16:14:02 UTC] PHP   8. WP_Hook->apply_filters() C:\Users\Hp 15 Notebook PC\Local Sites\amazing-college\app\public\wp-includes\class-wp-hook.php:311
[14-Apr-2020 16:14:02 UTC] PHP   9. rest_api_loaded() C:\Users\Hp 15 Notebook PC\Local Sites\amazing-college\app\public\wp-includes\class-wp-hook.php:287
[14-Apr-2020 16:14:02 UTC] PHP  10. WP_REST_Server->serve_request() C:\Users\Hp 15 Notebook PC\Local Sites\amazing-college\app\public\wp-includes\rest-api.php:306
[14-Apr-2020 16:14:02 UTC] PHP  11. WP_REST_Server->dispatch() C:\Users\Hp 15 Notebook PC\Local Sites\amazing-college\app\public\wp-includes\rest-api\class-wp-rest-server.php:342
[14-Apr-2020 16:14:02 UTC] PHP  12. createLike() C:\Users\Hp 15 Notebook PC\Local Sites\amazing-college\app\public\wp-includes\rest-api\class-wp-rest-server.php:1015
[14-Apr-2020 16:14:02 UTC] PHP Warning:  Illegal string offset 'professorId' in C:\Users\Hp 15 Notebook PC\Local Sites\amazing-college\app\public\wp-content\themes\fictional-university-theme\inc\like-route.php on line 18
[14-Apr-2020 16:14:02 UTC] PHP Stack trace:
[14-Apr-2020 16:14:02 UTC] PHP   1. {main}() C:\Users\Hp 15 Notebook PC\Local Sites\amazing-college\app\public\index.php:0
[14-Apr-2020 16:14:02 UTC] PHP   2. require() C:\Users\Hp 15 Notebook PC\Local Sites\amazing-college\app\public\index.php:17
[14-Apr-2020 16:14:02 UTC] PHP   3. wp() C:\Users\Hp 15 Notebook PC\Local Sites\amazing-college\app\public\wp-blog-header.php:16
[14-Apr-2020 16:14:02 UTC] PHP   4. WP->main() C:\Users\Hp 15 Notebook PC\Local Sites\amazing-college\app\public\wp-includes\functions.php:1274
[14-Apr-2020 16:14:02 UTC] PHP   5. WP->parse_request() C:\Users\Hp 15 Notebook PC\Local Sites\amazing-college\app\public\wp-includes\class-wp.php:735
[14-Apr-2020 16:14:02 UTC] PHP   6. do_action_ref_array() C:\Users\Hp 15 Notebook PC\Local Sites\amazing-college\app\public\wp-includes\class-wp.php:388
[14-Apr-2020 16:14:02 UTC] PHP   7. WP_Hook->do_action() C:\Users\Hp 15 Notebook PC\Local Sites\amazing-college\app\public\wp-includes\plugin.php:544
[14-Apr-2020 16:14:02 UTC] PHP   8. WP_Hook->apply_filters() C:\Users\Hp 15 Notebook PC\Local Sites\amazing-college\app\public\wp-includes\class-wp-hook.php:311
[14-Apr-2020 16:14:02 UTC] PHP   9. rest_api_loaded() C:\Users\Hp 15 Notebook PC\Local Sites\amazing-college\app\public\wp-includes\class-wp-hook.php:287
[14-Apr-2020 16:14:02 UTC] PHP  10. WP_REST_Server->serve_request() C:\Users\Hp 15 Notebook PC\Local Sites\amazing-college\app\public\wp-includes\rest-api.php:306
[14-Apr-2020 16:14:02 UTC] PHP  11. WP_REST_Server->dispatch() C:\Users\Hp 15 Notebook PC\Local Sites\amazing-college\app\public\wp-includes\rest-api\class-wp-rest-server.php:342
[14-Apr-2020 16:14:02 UTC] PHP  12. createLike() C:\Users\Hp 15 Notebook PC\Local Sites\amazing-college\app\public\wp-includes\rest-api\class-wp-rest-server.php:1015
[14-Apr-2020 16:14:02 UTC] PHP Warning:  Cannot modify header information - headers already sent by (output started at C:\Users\Hp 15 Notebook PC\Local Sites\amazing-college\app\public\wp-content\themes\fictional-university-theme\inc\like-route.php:18) in C:\Users\Hp 15 Notebook PC\Local Sites\amazing-college\app\public\wp-includes\rest-api\class-wp-rest-server.php on line 1337
[14-Apr-2020 16:14:02 UTC] PHP Stack trace:
[14-Apr-2020 16:14:02 UTC] PHP   1. {main}() C:\Users\Hp 15 Notebook PC\Local Sites\amazing-college\app\public\index.php:0
[14-Apr-2020 16:14:02 UTC] PHP   2. require() C:\Users\Hp 15 Notebook PC\Local Sites\amazing-college\app\public\index.php:17
[14-Apr-2020 16:14:02 UTC] PHP   3. wp() C:\Users\Hp 15 Notebook PC\Local Sites\amazing-college\app\public\wp-blog-header.php:16
[14-Apr-2020 16:14:02 UTC] PHP   4. WP->main() C:\Users\Hp 15 Notebook PC\Local Sites\amazing-college\app\public\wp-includes\functions.php:1274
[14-Apr-2020 16:14:02 UTC] PHP   5. WP->parse_request() C:\Users\Hp 15 Notebook PC\Local Sites\amazing-college\app\public\wp-includes\class-wp.php:735
[14-Apr-2020 16:14:02 UTC] PHP   6. do_action_ref_array() C:\Users\Hp 15 Notebook PC\Local Sites\amazing-college\app\public\wp-includes\class-wp.php:388
[14-Apr-2020 16:14:02 UTC] PHP   7. WP_Hook->do_action() C:\Users\Hp 15 Notebook PC\Local Sites\amazing-college\app\public\wp-includes\plugin.php:544
[14-Apr-2020 16:14:02 UTC] PHP   8. WP_Hook->apply_filters() C:\Users\Hp 15 Notebook PC\Local Sites\amazing-college\app\public\wp-includes\class-wp-hook.php:311
[14-Apr-2020 16:14:02 UTC] PHP   9. rest_api_loaded() C:\Users\Hp 15 Notebook PC\Local Sites\amazing-college\app\public\wp-includes\class-wp-hook.php:287
[14-Apr-2020 16:14:02 UTC] PHP  10. WP_REST_Server->serve_request() C:\Users\Hp 15 Notebook PC\Local Sites\amazing-college\app\public\wp-includes\rest-api.php:306
[14-Apr-2020 16:14:02 UTC] PHP  11. WP_REST_Server->send_headers() C:\Users\Hp 15 Notebook PC\Local Sites\amazing-college\app\public\wp-includes\rest-api\class-wp-rest-server.php:374
[14-Apr-2020 16:14:02 UTC] PHP  12. WP_REST_Server->send_header() C:\Users\Hp 15 Notebook PC\Local Sites\amazing-college\app\public\wp-includes\rest-api\class-wp-rest-server.php:1349
[14-Apr-2020 16:14:02 UTC] PHP  13. header() C:\Users\Hp 15 Notebook PC\Local Sites\amazing-college\app\public\wp-includes\rest-api\class-wp-rest-server.php:1337
[14-Apr-2020 16:14:02 UTC] PHP Warning:  Cannot modify header information - headers already sent by (output started at C:\Users\Hp 15 Notebook PC\Local Sites\amazing-college\app\public\wp-content\themes\fictional-university-theme\inc\like-route.php:18) in C:\Users\Hp 15 Notebook PC\Local Sites\amazing-college\app\public\wp-includes\rest-api.php on line 590
[14-Apr-2020 16:14:02 UTC] PHP Stack trace:
[14-Apr-2020 16:14:02 UTC] PHP   1. {main}() C:\Users\Hp 15 Notebook PC\Local Sites\amazing-college\app\public\index.php:0
[14-Apr-2020 16:14:02 UTC] PHP   2. require() C:\Users\Hp 15 Notebook PC\Local Sites\amazing-college\app\public\index.php:17
[14-Apr-2020 16:14:02 UTC] PHP   3. wp() C:\Users\Hp 15 Notebook PC\Local Sites\amazing-college\app\public\wp-blog-header.php:16
[14-Apr-2020 16:14:02 UTC] PHP   4. WP->main() C:\Users\Hp 15 Notebook PC\Local Sites\amazing-college\app\public\wp-includes\functions.php:1274
[14-Apr-2020 16:14:02 UTC] PHP   5. WP->parse_request() C:\Users\Hp 15 Notebook PC\Local Sites\amazing-college\app\public\wp-includes\class-wp.php:735
[14-Apr-2020 16:14:02 UTC] PHP   6. do_action_ref_array() C:\Users\Hp 15 Notebook PC\Local Sites\amazing-college\app\public\wp-includes\class-wp.php:388
[14-Apr-2020 16:14:02 UTC] PHP   7. WP_Hook->do_action() C:\Users\Hp 15 Notebook PC\Local Sites\amazing-college\app\public\wp-includes\plugin.php:544
[14-Apr-2020 16:14:02 UTC] PHP   8. WP_Hook->apply_filters() C:\Users\Hp 15 Notebook PC\Local Sites\amazing-college\app\public\wp-includes\class-wp-hook.php:311
[14-Apr-2020 16:14:02 UTC] PHP   9. rest_api_loaded() C:\Users\Hp 15 Notebook PC\Local Sites\amazing-college\app\public\wp-includes\class-wp-hook.php:287
[14-Apr-2020 16:14:02 UTC] PHP  10. WP_REST_Server->serve_request() C:\Users\Hp 15 Notebook PC\Local Sites\amazing-college\app\public\wp-includes\rest-api.php:306
[14-Apr-2020 16:14:02 UTC] PHP  11. apply_filters() C:\Users\Hp 15 Notebook PC\Local Sites\amazing-college\app\public\wp-includes\rest-api\class-wp-rest-server.php:393
[14-Apr-2020 16:14:02 UTC] PHP  12. WP_Hook->apply_filters() C:\Users\Hp 15 Notebook PC\Local Sites\amazing-college\app\public\wp-includes\plugin.php:206
[14-Apr-2020 16:14:02 UTC] PHP  13. rest_send_cors_headers() C:\Users\Hp 15 Notebook PC\Local Sites\amazing-college\app\public\wp-includes\class-wp-hook.php:289
[14-Apr-2020 16:14:02 UTC] PHP  14. header() C:\Users\Hp 15 Notebook PC\Local Sites\amazing-college\app\public\wp-includes\rest-api.php:590
[14-Apr-2020 16:14:02 UTC] PHP Warning:  Cannot modify header information - headers already sent by (output started at C:\Users\Hp 15 Notebook PC\Local Sites\amazing-college\app\public\wp-content\themes\fictional-university-theme\inc\like-route.php:18) in C:\Users\Hp 15 Notebook PC\Local Sites\amazing-college\app\public\wp-includes\rest-api.php on line 591
[14-Apr-2020 16:14:02 UTC] PHP Stack trace:
[14-Apr-2020 16:14:02 UTC] PHP   1. {main}() C:\Users\Hp 15 Notebook PC\Local Sites\amazing-college\app\public\index.php:0
[14-Apr-2020 16:14:02 UTC] PHP   2. require() C:\Users\Hp 15 Notebook PC\Local Sites\amazing-college\app\public\index.php:17
[14-Apr-2020 16:14:02 UTC] PHP   3. wp() C:\Users\Hp 15 Notebook PC\Local Sites\amazing-college\app\public\wp-blog-header.php:16
[14-Apr-2020 16:14:02 UTC] PHP   4. WP->main() C:\Users\Hp 15 Notebook PC\Local Sites\amazing-college\app\public\wp-includes\functions.php:1274
[14-Apr-2020 16:14:02 UTC] PHP   5. WP->parse_request() C:\Users\Hp 15 Notebook PC\Local Sites\amazing-college\app\public\wp-includes\class-wp.php:735
[14-Apr-2020 16:14:02 UTC] PHP   6. do_action_ref_array() C:\Users\Hp 15 Notebook PC\Local Sites\amazing-college\app\public\wp-includes\class-wp.php:388
[14-Apr-2020 16:14:02 UTC] PHP   7. WP_Hook->do_action() C:\Users\Hp 15 Notebook PC\Local Sites\amazing-college\app\public\wp-includes\plugin.php:544
[14-Apr-2020 16:14:02 UTC] PHP   8. WP_Hook->apply_filters() C:\Users\Hp 15 Notebook PC\Local Sites\amazing-college\app\public\wp-includes\class-wp-hook.php:311
[14-Apr-2020 16:14:02 UTC] PHP   9. rest_api_loaded() C:\Users\Hp 15 Notebook PC\Local Sites\amazing-college\app\public\wp-includes\class-wp-hook.php:287
[14-Apr-2020 16:14:02 UTC] PHP  10. WP_REST_Server->serve_request() C:\Users\Hp 15 Notebook PC\Local Sites\amazing-college\app\public\wp-includes\rest-api.php:306
[14-Apr-2020 16:14:02 UTC] PHP  11. apply_filters() C:\Users\Hp 15 Notebook PC\Local Sites\amazing-college\app\public\wp-includes\rest-api\class-wp-rest-server.php:393
[14-Apr-2020 16:14:02 UTC] PHP  12. WP_Hook->apply_filters() C:\Users\Hp 15 Notebook PC\Local Sites\amazing-college\app\public\wp-includes\plugin.php:206
[14-Apr-2020 16:14:02 UTC] PHP  13. rest_send_cors_headers() C:\Users\Hp 15 Notebook PC\Local Sites\amazing-college\app\public\wp-includes\class-wp-hook.php:289
[14-Apr-2020 16:14:02 UTC] PHP  14. header() C:\Users\Hp 15 Notebook PC\Local Sites\amazing-college\app\public\wp-includes\rest-api.php:591
[14-Apr-2020 16:14:02 UTC] PHP Warning:  Cannot modify header information - headers already sent by (output started at C:\Users\Hp 15 Notebook PC\Local Sites\amazing-college\app\public\wp-content\themes\fictional-university-theme\inc\like-route.php:18) in C:\Users\Hp 15 Notebook PC\Local Sites\amazing-college\app\public\wp-includes\rest-api.php on line 592
[14-Apr-2020 16:14:02 UTC] PHP Stack trace:
[14-Apr-2020 16:14:02 UTC] PHP   1. {main}() C:\Users\Hp 15 Notebook PC\Local Sites\amazing-college\app\public\index.php:0
[14-Apr-2020 16:14:02 UTC] PHP   2. require() C:\Users\Hp 15 Notebook PC\Local Sites\amazing-college\app\public\index.php:17
[14-Apr-2020 16:14:02 UTC] PHP   3. wp() C:\Users\Hp 15 Notebook PC\Local Sites\amazing-college\app\public\wp-blog-header.php:16
[14-Apr-2020 16:14:02 UTC] PHP   4. WP->main() C:\Users\Hp 15 Notebook PC\Local Sites\amazing-college\app\public\wp-includes\functions.php:1274
[14-Apr-2020 16:14:02 UTC] PHP   5. WP->parse_request() C:\Users\Hp 15 Notebook PC\Local Sites\amazing-college\app\public\wp-includes\class-wp.php:735
[14-Apr-2020 16:14:02 UTC] PHP   6. do_action_ref_array() C:\Users\Hp 15 Notebook PC\Local Sites\amazing-college\app\public\wp-includes\class-wp.php:388
[14-Apr-2020 16:14:02 UTC] PHP   7. WP_Hook->do_action() C:\Users\Hp 15 Notebook PC\Local Sites\amazing-college\app\public\wp-includes\plugin.php:544
[14-Apr-2020 16:14:02 UTC] PHP   8. WP_Hook->apply_filters() C:\Users\Hp 15 Notebook PC\Local Sites\amazing-college\app\public\wp-includes\class-wp-hook.php:311
[14-Apr-2020 16:14:02 UTC] PHP   9. rest_api_loaded() C:\Users\Hp 15 Notebook PC\Local Sites\amazing-college\app\public\wp-includes\class-wp-hook.php:287
[14-Apr-2020 16:14:02 UTC] PHP  10. WP_REST_Server->serve_request() C:\Users\Hp 15 Notebook PC\Local Sites\amazing-college\app\public\wp-includes\rest-api.php:306
[14-Apr-2020 16:14:02 UTC] PHP  11. apply_filters() C:\Users\Hp 15 Notebook PC\Local Sites\amazing-college\app\public\wp-includes\rest-api\class-wp-rest-server.php:393
[14-Apr-2020 16:14:02 UTC] PHP  12. WP_Hook->apply_filters() C:\Users\Hp 15 Notebook PC\Local Sites\amazing-college\app\public\wp-includes\plugin.php:206
[14-Apr-2020 16:14:02 UTC] PHP  13. rest_send_cors_headers() C:\Users\Hp 15 Notebook PC\Local Sites\amazing-college\app\public\wp-includes\class-wp-hook.php:289
[14-Apr-2020 16:14:02 UTC] PHP  14. header() C:\Users\Hp 15 Notebook PC\Local Sites\amazing-college\app\public\wp-includes\rest-api.php:592
[14-Apr-2020 16:14:02 UTC] PHP Warning:  Cannot modify header information - headers already sent by (output started at C:\Users\Hp 15 Notebook PC\Local Sites\amazing-college\app\public\wp-content\themes\fictional-university-theme\inc\like-route.php:18) in C:\Users\Hp 15 Notebook PC\Local Sites\amazing-college\app\public\wp-includes\rest-api.php on line 593
[14-Apr-2020 16:14:02 UTC] PHP Stack trace:
[14-Apr-2020 16:14:02 UTC] PHP   1. {main}() C:\Users\Hp 15 Notebook PC\Local Sites\amazing-college\app\public\index.php:0
[14-Apr-2020 16:14:02 UTC] PHP   2. require() C:\Users\Hp 15 Notebook PC\Local Sites\amazing-college\app\public\index.php:17
[14-Apr-2020 16:14:02 UTC] PHP   3. wp() C:\Users\Hp 15 Notebook PC\Local Sites\amazing-college\app\public\wp-blog-header.php:16
[14-Apr-2020 16:14:02 UTC] PHP   4. WP->main() C:\Users\Hp 15 Notebook PC\Local Sites\amazing-college\app\public\wp-includes\functions.php:1274
[14-Apr-2020 16:14:02 UTC] PHP   5. WP->parse_request() C:\Users\Hp 15 Notebook PC\Local Sites\amazing-college\app\public\wp-includes\class-wp.php:735
[14-Apr-2020 16:14:02 UTC] PHP   6. do_action_ref_array() C:\Users\Hp 15 Notebook PC\Local Sites\amazing-college\app\public\wp-includes\class-wp.php:388
[14-Apr-2020 16:14:02 UTC] PHP   7. WP_Hook->do_action() C:\Users\Hp 15 Notebook PC\Local Sites\amazing-college\app\public\wp-includes\plugin.php:544
[14-Apr-2020 16:14:02 UTC] PHP   8. WP_Hook->apply_filters() C:\Users\Hp 15 Notebook PC\Local Sites\amazing-college\app\public\wp-includes\class-wp-hook.php:311
[14-Apr-2020 16:14:02 UTC] PHP   9. rest_api_loaded() C:\Users\Hp 15 Notebook PC\Local Sites\amazing-college\app\public\wp-includes\class-wp-hook.php:287
[14-Apr-2020 16:14:02 UTC] PHP  10. WP_REST_Server->serve_request() C:\Users\Hp 15 Notebook PC\Local Sites\amazing-college\app\public\wp-includes\rest-api.php:306
[14-Apr-2020 16:14:02 UTC] PHP  11. apply_filters() C:\Users\Hp 15 Notebook PC\Local Sites\amazing-college\app\public\wp-includes\rest-api\class-wp-rest-server.php:393
[14-Apr-2020 16:14:02 UTC] PHP  12. WP_Hook->apply_filters() C:\Users\Hp 15 Notebook PC\Local Sites\amazing-college\app\public\wp-includes\plugin.php:206
[14-Apr-2020 16:14:02 UTC] PHP  13. rest_send_cors_headers() C:\Users\Hp 15 Notebook PC\Local Sites\amazing-college\app\public\wp-includes\class-wp-hook.php:289
[14-Apr-2020 16:14:02 UTC] PHP  14. header() C:\Users\Hp 15 Notebook PC\Local Sites\amazing-college\app\public\wp-includes\rest-api.php:593
[15-Apr-2020 05:30:30 UTC] PHP Parse error:  syntax error, unexpected '}' in C:\Users\Hp 15 Notebook PC\Local Sites\amazing-college\app\public\wp-content\themes\fictional-university-theme\inc\like-route.php on line 28
[15-Apr-2020 05:30:35 UTC] PHP Parse error:  syntax error, unexpected '}' in C:\Users\Hp 15 Notebook PC\Local Sites\amazing-college\app\public\wp-content\themes\fictional-university-theme\inc\like-route.php on line 28
